{
   <insert_a_suppression_name_here>
   Memcheck:Leak
   match-leak-kinds: reachable
   fun:malloc
   fun:xmalloc
   fun:readline_internal_teardown
   fun:readline
   fun:main
}
{
   <insert_a_suppression_name_here>
   Memcheck:Leak
   match-leak-kinds: reachable
   fun:malloc
   fun:xmalloc
   fun:alloc_history_entry
   fun:add_history
   fun:check_input
   fun:main
}
{
   <insert_a_suppression_name_here>
   Memcheck:Leak
   match-leak-kinds: reachable
   fun:malloc
   fun:xrealloc
   fun:expand_prompt
   fun:rl_expand_prompt
   fun:rl_set_prompt
   fun:readline
   fun:main
}
{
   <insert_a_suppression_name_here>
   Memcheck:Leak
   match-leak-kinds: reachable
   fun:malloc
   fun:strdup
   fun:_nc_trim_sgr0
   fun:tgetent
   fun:_rl_init_terminal_io
   fun:rl_initialize
   fun:readline
   fun:main
}
{
   <insert_a_suppression_name_here>
   Memcheck:Leak
   match-leak-kinds: reachable
   fun:malloc
   fun:__setenv_locked
   fun:setenv
   fun:sh_set_lines_and_columns
   fun:_rl_get_screen_size
   fun:expand_prompt
   fun:rl_expand_prompt
   fun:rl_set_prompt
   fun:readline
   fun:main
}
{
   <insert_a_suppression_name_here>
   Memcheck:Leak
   match-leak-kinds: reachable
   fun:malloc
   fun:xmalloc
   fun:_rl_reset_region_color
   fun:_rl_init_terminal_io
   fun:rl_initialize
   fun:readline
   fun:main
}
{
   <insert_a_suppression_name_here>
   Memcheck:Leak
   match-leak-kinds: reachable
   fun:malloc
   fun:xmalloc
   fun:_rl_reset_region_color
   fun:_rl_init_terminal_io
   fun:rl_initialize
   fun:readline
   fun:main
}
{
   <insert_a_suppression_name_here>
   Memcheck:Leak
   match-leak-kinds: reachable
   fun:malloc
   fun:xmalloc
   fun:rl_set_prompt
   fun:readline
   fun:main
}
{
   <insert_a_suppression_name_here>
   Memcheck:Leak
   match-leak-kinds: reachable
   fun:malloc
   fun:__setenv_locked
   fun:setenv
   fun:_rl_get_screen_size
   fun:expand_prompt
   fun:rl_expand_prompt
   fun:rl_set_prompt
   fun:readline
   fun:main
}
{
   <insert_a_suppression_name_here>
   Memcheck:Leak
   match-leak-kinds: reachable
   fun:malloc
   fun:xmalloc
   fun:expand_prompt
   fun:rl_expand_prompt
   fun:rl_set_prompt
   fun:readline
   fun:main
}
{
   <insert_a_suppression_name_here>
   Memcheck:Leak
   match-leak-kinds: reachable
   fun:malloc
   fun:xmalloc
   fun:_rl_init_locale
   fun:_rl_init_eightbit
   fun:rl_initialize
   fun:readline
   fun:main
}
{
   <insert_a_suppression_name_here>
   Memcheck:Leak
   match-leak-kinds: reachable
   fun:malloc
   fun:xmalloc
   fun:add_history
   fun:check_input
   fun:main
}
{
   <insert_a_suppression_name_here>
   Memcheck:Leak
   match-leak-kinds: reachable
   fun:realloc
   fun:_nc_doalloc
   fun:tparm
   fun:_nc_remove_string
   fun:_nc_trim_sgr0
   fun:tgetent
   fun:_rl_init_terminal_io
   fun:rl_initialize
   fun:readline
   fun:main
}
{
   <insert_a_suppression_name_here>
   Memcheck:Leak
   match-leak-kinds: reachable
   fun:malloc
   fun:strdup
   fun:_nc_setupterm
   fun:tgetent
   fun:_rl_init_terminal_io
   fun:rl_initialize
   fun:readline
   fun:main
}
{
   <insert_a_suppression_name_here>
   Memcheck:Leak
   match-leak-kinds: reachable
   fun:malloc
   fun:rl_initialize
   fun:readline
   fun:main
}
{
   <insert_a_suppression_name_here>
   Memcheck:Leak
   match-leak-kinds: reachable
   fun:calloc
   fun:_ZNK8method_t11remappedImpEb
   fun:_ZN13list_array_ttI10property_t15property_list_t6RawPtrE11attachListsEPKPS1_j
   fun:_ZNK13method_list_t9duplicateEv
   fun:_ZN10class_rw_t8extAllocEPK10class_ro_tb
   fun:_ZN10class_rw_t8extAllocEPK10class_ro_tb
   fun:_ZN10class_rw_t8extAllocEPK10class_ro_tb
   fun:_ZL24realizeClassWithoutSwiftP10objc_classS0_
   fun:-[NSObject dealloc]
   fun:lookUpImpOrForward
   fun:xpc_atfork_child
   fun:libSystem_atfork_child
}
{
   <insert_a_suppression_name_here>
   Memcheck:Leak
   match-leak-kinds: reachable
   fun:malloc
   fun:__setenv_locked
   fun:setenv
   fun:xpc_atfork_child
   fun:libSystem_atfork_child
   fun:fork
   fun:execution
   fun:main
}
{
   <insert_a_suppression_name_here>
   Memcheck:Leak
   match-leak-kinds: reachable
   fun:malloc
   fun:xmalloc
   fun:alloc_history_entry
   fun:add_history
   fun:check_input
   fun:main
}
{
   <insert_a_suppression_name_here>
   Memcheck:Leak
   match-leak-kinds: reachable
   fun:malloc
   fun:_nc_home_terminfo
   fun:_nc_next_db
   fun:_nc_read_entry
   fun:_nc_setupterm
   fun:tgetent
   fun:_rl_init_terminal_io
   fun:rl_initialize
   fun:readline
   fun:main
}
{
   <insert_a_suppression_name_here>
   Memcheck:Leak
   match-leak-kinds: reachable
   fun:calloc
   fun:_ZL27method_t_remappedImp_nolockPK8method_t
   fun:_ZN13list_array_ttI10property_t15property_list_t6RawPtrE11attachListsEPKPS1_j
   fun:_ZNK13method_list_t9duplicateEv
   fun:_ZN10class_rw_t8extAllocEPK10class_ro_tb
   fun:_ZN10class_rw_t8extAllocEPK10class_ro_tb
   fun:_ZN10class_rw_t8extAllocEPK10class_ro_tb
   fun:_ZL24realizeClassWithoutSwiftP10objc_classS0_
   fun:-[NSObject dealloc]
   fun:lookUpImpOrForward
   fun:xpc_atfork_child
   fun:libSystem_atfork_child
}
{
   <insert_a_suppression_name_here>
   Memcheck:Leak
   match-leak-kinds: reachable
   fun:realloc
   fun:_nc_doalloc
   fun:_nc_read_termtype
   fun:_nc_read_file_entry
   fun:_nc_read_entry
   fun:_nc_setupterm
   fun:tgetent
   fun:_rl_init_terminal_io
   fun:rl_initialize
   fun:readline
   fun:main
}
{
   <insert_a_suppression_name_here>
   Memcheck:Leak
   match-leak-kinds: reachable
   fun:calloc
   fun:_dirhelper_init
   fun:_os_once_callout
   fun:_libcoreservices_fork_child
   fun:libSystem_atfork_child
   fun:fork
   fun:execution
   fun:main
}
{
   <insert_a_suppression_name_here>
   Memcheck:Leak
   match-leak-kinds: reachable
   fun:calloc
   fun:_ZL13getClass_implPKc
   fun:_ZN11objc_object27sidetable_clearDeallocatingEv
   fun:_ZL19_finishInitializingP10objc_classS0_
   fun:lookUpImpOrForward
   fun:xpc_atfork_child
   fun:libSystem_atfork_child
   fun:fork
   fun:execution
   fun:main
}
{
   <insert_a_suppression_name_here>
   Memcheck:Leak
   match-leak-kinds: reachable
   fun:calloc
   fun:_ZL13getClass_implPKc
   fun:_ZN11objc_object27sidetable_clearDeallocatingEv
   fun:_ZL19_finishInitializingP10objc_classS0_
   fun:lookUpImpOrForward
   fun:-[OS_xpc_object dealloc]
   fun:xpc_atfork_child
   fun:libSystem_atfork_child
   fun:fork
   fun:execution
   fun:main
}
{
   <insert_a_suppression_name_here>
   Memcheck:Leak
   match-leak-kinds: reachable
   fun:calloc
   fun:objc_msgSend_stret
   fun:_os_object_alloc_realized
   fun:_xpc_pipe_create
   fun:xpc_atfork_child
   fun:libSystem_atfork_child
   fun:fork
   fun:execution
   fun:main
}
{
   <insert_a_suppression_name_here>
   Memcheck:Leak
   match-leak-kinds: reachable
   fun:calloc
   fun:_object_remove_assocations
   fun:_ZNK8method_t11remappedImpEb
   fun:_ZN13list_array_ttI10property_t15property_list_t6RawPtrE11attachListsEPKPS1_j
   fun:_ZNK13method_list_t9duplicateEv
   fun:_ZN10class_rw_t8extAllocEPK10class_ro_tb
   fun:_ZN10class_rw_t8extAllocEPK10class_ro_tb
   fun:_ZN10class_rw_t8extAllocEPK10class_ro_tb
   fun:_ZL24realizeClassWithoutSwiftP10objc_classS0_
   fun:-[NSObject dealloc]
   fun:lookUpImpOrForward
   fun:xpc_atfork_child
}
{
   <insert_a_suppression_name_here>
   Memcheck:Leak
   match-leak-kinds: reachable
   fun:realloc
   fun:_nc_doalloc
   fun:_nc_read_termtype
   fun:_nc_read_file_entry
   fun:_nc_read_entry
   fun:_nc_setupterm
   fun:tgetent
   fun:_rl_init_terminal_io
   fun:rl_initialize
   fun:readline
   fun:main
}
{
   <insert_a_suppression_name_here>
   Memcheck:Leak
   match-leak-kinds: reachable
   fun:malloc
   fun:_nc_tparm_analyze
   fun:tparm
   fun:_nc_remove_string
   fun:_nc_trim_sgr0
   fun:tgetent
   fun:_rl_init_terminal_io
   fun:rl_initialize
   fun:readline
   fun:main
}
{
   <insert_a_suppression_name_here>
   Memcheck:Leak
   match-leak-kinds: reachable
   fun:calloc
   fun:_nc_setupterm
   fun:tgetent
   fun:_rl_init_terminal_io
   fun:rl_initialize
   fun:readline
   fun:main
}
{
   <insert_a_suppression_name_here>
   Memcheck:Leak
   match-leak-kinds: reachable
   fun:realloc
   fun:__setenv_locked
   fun:setenv
   fun:_rl_get_screen_size
   fun:expand_prompt
   fun:rl_expand_prompt
   fun:rl_set_prompt
   fun:readline
   fun:main
}
{
   <insert_a_suppression_name_here>
   Memcheck:Leak
   match-leak-kinds: reachable
   fun:malloc
   fun:xmalloc
   fun:rl_initialize
   fun:readline
   fun:main
}
{
   <insert_a_suppression_name_here>
   Memcheck:Leak
   match-leak-kinds: reachable
   fun:calloc
   fun:_nc_read_termtype
   fun:_nc_read_file_entry
   fun:_nc_read_entry
   fun:_nc_setupterm
   fun:tgetent
   fun:_rl_init_terminal_io
   fun:rl_initialize
   fun:readline
   fun:main
}
{
   <insert_a_suppression_name_here>
   Memcheck:Leak
   match-leak-kinds: reachable
   fun:malloc
   fun:_nc_read_termtype
   fun:_nc_read_file_entry
   fun:_nc_read_entry
   fun:_nc_setupterm
   fun:tgetent
   fun:_rl_init_terminal_io
   fun:rl_initialize
   fun:readline
   fun:main
}
{
   <insert_a_suppression_name_here>
   Memcheck:Leak
   match-leak-kinds: reachable
   fun:malloc
   fun:xrealloc
   fun:realloc_line
   fun:init_line_structures
   fun:rl_redisplay
   fun:readline_internal_setup
   fun:readline
   fun:main
}
{
   <insert_a_suppression_name_here>
   Memcheck:Leak
   match-leak-kinds: reachable
   fun:malloc
   fun:xrealloc
   fun:realloc_line
   fun:init_line_structures
   fun:rl_redisplay
   fun:readline_internal_setup
   fun:readline
   fun:main
}
{
   <insert_a_suppression_name_here>
   Memcheck:Leak
   match-leak-kinds: reachable
   fun:malloc
   fun:xrealloc
   fun:realloc_line
   fun:init_line_structures
   fun:rl_redisplay
   fun:readline_internal_setup
   fun:readline
   fun:main
}
{
   <insert_a_suppression_name_here>
   Memcheck:Leak
   match-leak-kinds: reachable
   fun:malloc
   fun:xrealloc
   fun:realloc_line
   fun:init_line_structures
   fun:rl_redisplay
   fun:readline_internal_setup
   fun:readline
   fun:main
}
{
   <insert_a_suppression_name_here>
   Memcheck:Leak
   match-leak-kinds: reachable
   fun:malloc
   fun:xmalloc
   fun:init_line_structures
   fun:rl_redisplay
   fun:readline_internal_setup
   fun:readline
   fun:main
}
{
   <insert_a_suppression_name_here>
   Memcheck:Leak
   match-leak-kinds: reachable
   fun:malloc
   fun:xmalloc
   fun:init_line_structures
   fun:rl_redisplay
   fun:readline_internal_setup
   fun:readline
   fun:main
}
{
   <insert_a_suppression_name_here>
   Memcheck:Leak
   match-leak-kinds: reachable
   fun:malloc
   fun:xmalloc
   fun:init_line_structures
   fun:rl_redisplay
   fun:readline_internal_setup
   fun:readline
   fun:main
}
{
   <insert_a_suppression_name_here>
   Memcheck:Leak
   match-leak-kinds: reachable
   fun:malloc
   fun:xmalloc
   fun:init_line_structures
   fun:rl_redisplay
   fun:readline_internal_setup
   fun:readline
   fun:main
}
{
   <insert_a_suppression_name_here>
   Memcheck:Leak
   match-leak-kinds: reachable
   fun:calloc
   fun:_dirhelper_init
   fun:_os_once_callout
   fun:_libcoreservices_fork_child
   fun:libSystem_atfork_child
   fun:fork
   fun:execution
   fun:main
}
{
   <insert_a_suppression_name_here>
   Memcheck:Leak
   match-leak-kinds: reachable
   fun:calloc
   fun:_dirhelper_init
   fun:_os_once_callout
   fun:_libcoreservices_fork_child
   fun:libSystem_atfork_child
   fun:fork
   fun:execution
   fun:main
}
{
   <insert_a_suppression_name_here>
   Memcheck:Leak
   match-leak-kinds: reachable
   fun:malloc
   fun:_nc_read_termtype
   fun:_nc_read_file_entry
   fun:_nc_read_entry
   fun:_nc_setupterm
   fun:tgetent
   fun:_rl_init_terminal_io
   fun:rl_initialize
   fun:readline
   fun:main
}
{
   <insert_a_suppression_name_here>
   Memcheck:Leak
   match-leak-kinds: reachable
   fun:realloc
   fun:xrealloc
   fun:rl_add_funmap_entry
   fun:rl_initialize_funmap
   fun:rl_initialize
   fun:readline
   fun:main
}
{
   <insert_a_suppression_name_here>
   Memcheck:Leak
   match-leak-kinds: reachable
   fun:malloc
   fun:xmalloc
   fun:_rl_init_terminal_io
   fun:rl_initialize
   fun:readline
   fun:main
}
{
   <insert_a_suppression_name_here>
   Memcheck:Leak
   match-leak-kinds: reachable
   fun:malloc
   fun:xmalloc
   fun:rl_add_funmap_entry
   fun:rl_initialize_funmap
   fun:rl_initialize
   fun:readline
   fun:main
}
{
   <insert_a_suppression_name_here>
   Memcheck:Leak
   match-leak-kinds: reachable
   fun:realloc
   fun:_nc_doalloc
   fun:_nc_read_termtype
   fun:_nc_read_file_entry
   fun:_nc_read_entry
   fun:_nc_setupterm
   fun:tgetent
   fun:_rl_init_terminal_io
   fun:rl_initialize
   fun:readline
   fun:main
}
{
   <insert_a_suppression_name_here>
   Memcheck:Leak
   match-leak-kinds: reachable
   fun:malloc
   fun:xmalloc
   fun:add_history
   fun:check_input
   fun:main
}
{
   <insert_a_suppression_name_here>
   Memcheck:Leak
   match-leak-kinds: reachable
   fun:malloc
   fun:xmalloc
   fun:_rl_init_terminal_io
   fun:rl_initialize
   fun:readline
   fun:main
}
{
   <insert_a_suppression_name_here>
   Memcheck:Leak
   match-leak-kinds: reachable
   fun:malloc
   fun:__smakebuf
   fun:__swsetup
   fun:__sfvwrite
   fun:fwrite
   fun:rl_prep_terminal
   fun:readline
   fun:main
}
{
   <insert_a_suppression_name_here>
   Memcheck:Leak
   match-leak-kinds: reachable
   fun:malloc
   fun:xmalloc
   fun:rl_make_bare_keymap
   fun:rl_generic_bind
   fun:rl_bind_keyseq_if_unbound_in_map
   fun:bind_termcap_arrow_keys
   fun:_rl_init_terminal_io
   fun:rl_initialize
   fun:readline
   fun:main
}
{
   <insert_a_suppression_name_here>
   Memcheck:Leak
   match-leak-kinds: reachable
   fun:malloc
   fun:xmalloc
   fun:rl_make_bare_keymap
   fun:rl_generic_bind
   fun:rl_bind_keyseq_if_unbound_in_map
   fun:bind_termcap_arrow_keys
   fun:_rl_init_terminal_io
   fun:rl_initialize
   fun:readline
   fun:main
}
{
   <insert_a_suppression_name_here>
   Memcheck:Leak
   match-leak-kinds: reachable
   fun:malloc
   fun:xmalloc
   fun:rl_make_bare_keymap
   fun:rl_generic_bind
   fun:rl_bind_keyseq_if_unbound_in_map
   fun:bind_termcap_arrow_keys
   fun:_rl_init_terminal_io
   fun:rl_initialize
   fun:readline
   fun:main
}
{
   <insert_a_suppression_name_here>
   Memcheck:Leak
   match-leak-kinds: reachable
   fun:malloc
   fun:xmalloc
   fun:rl_make_bare_keymap
   fun:rl_generic_bind
   fun:rl_bind_keyseq_if_unbound_in_map
   fun:bind_termcap_arrow_keys
   fun:_rl_init_terminal_io
   fun:rl_initialize
   fun:readline
   fun:main
}
{
   <insert_a_suppression_name_here>
   Memcheck:Leak
   match-leak-kinds: reachable
   fun:malloc
   fun:xmalloc
   fun:rl_make_bare_keymap
   fun:rl_generic_bind
   fun:rl_bind_keyseq_if_unbound_in_map
   fun:bind_termcap_arrow_keys
   fun:_rl_init_terminal_io
   fun:rl_initialize
   fun:readline
   fun:main
}
{
   <insert_a_suppression_name_here>
   Memcheck:Leak
   match-leak-kinds: reachable
   fun:malloc
   fun:xmalloc
   fun:rl_make_bare_keymap
   fun:rl_generic_bind
   fun:rl_bind_keyseq_if_unbound_in_map
   fun:bind_termcap_arrow_keys
   fun:_rl_init_terminal_io
   fun:rl_initialize
   fun:readline
   fun:main
}
{
   <insert_a_suppression_name_here>
   Memcheck:Leak
   match-leak-kinds: reachable
   fun:malloc
   fun:xmalloc
   fun:rl_make_bare_keymap
   fun:rl_generic_bind
   fun:rl_bind_keyseq_if_unbound_in_map
   fun:bind_termcap_arrow_keys
   fun:_rl_init_terminal_io
   fun:rl_initialize
   fun:readline
   fun:main
}
{
   <insert_a_suppression_name_here>
   Memcheck:Leak
   match-leak-kinds: reachable
   fun:malloc
   fun:xmalloc
   fun:rl_make_bare_keymap
   fun:rl_generic_bind
   fun:rl_bind_keyseq_if_unbound_in_map
   fun:bind_termcap_arrow_keys
   fun:_rl_init_terminal_io
   fun:rl_initialize
   fun:readline
   fun:main
}
{
   <insert_a_suppression_name_here>
   Memcheck:Leak
   match-leak-kinds: reachable
   fun:malloc
   fun:xmalloc
   fun:rl_make_bare_keymap
   fun:rl_generic_bind
   fun:rl_bind_keyseq_if_unbound_in_map
   fun:bind_termcap_arrow_keys
   fun:_rl_init_terminal_io
   fun:rl_initialize
   fun:readline
   fun:main
}
{
   <insert_a_suppression_name_here>
   Memcheck:Leak
   match-leak-kinds: reachable
   fun:malloc
   fun:xmalloc
   fun:rl_make_bare_keymap
   fun:rl_generic_bind
   fun:rl_bind_keyseq_if_unbound_in_map
   fun:bind_termcap_arrow_keys
   fun:_rl_init_terminal_io
   fun:rl_initialize
   fun:readline
   fun:main
}
{
   <insert_a_suppression_name_here>
   Memcheck:Leak
   match-leak-kinds: reachable
   fun:malloc
   fun:xmalloc
   fun:rl_make_bare_keymap
   fun:rl_generic_bind
   fun:rl_bind_keyseq_if_unbound_in_map
   fun:bind_arrow_keys_internal
   fun:rl_initialize
   fun:readline
   fun:main
}
{
   <insert_a_suppression_name_here>
   Memcheck:Leak
   match-leak-kinds: reachable
   fun:malloc
   fun:xmalloc
   fun:rl_make_bare_keymap
   fun:rl_generic_bind
   fun:rl_bind_keyseq_if_unbound_in_map
   fun:bind_arrow_keys_internal
   fun:rl_initialize
   fun:readline
   fun:main
}
{
   <insert_a_suppression_name_here>
   Memcheck:Leak
   match-leak-kinds: reachable
   fun:malloc
   fun:xmalloc
   fun:rl_make_bare_keymap
   fun:rl_generic_bind
   fun:rl_bind_keyseq_if_unbound_in_map
   fun:bind_arrow_keys_internal
   fun:rl_initialize
   fun:readline
   fun:main
}
{
   <insert_a_suppression_name_here>
   Memcheck:Leak
   match-leak-kinds: reachable
   fun:malloc
   fun:xmalloc
   fun:rl_make_bare_keymap
   fun:rl_generic_bind
   fun:rl_bind_keyseq_if_unbound_in_map
   fun:bind_termcap_arrow_keys
   fun:_rl_init_terminal_io
   fun:rl_initialize
   fun:readline
   fun:main
}
{
   <insert_a_suppression_name_here>
   Memcheck:Leak
   match-leak-kinds: reachable
   fun:malloc
   fun:xmalloc
   fun:rl_make_bare_keymap
   fun:rl_generic_bind
   fun:rl_bind_keyseq_if_unbound_in_map
   fun:bind_termcap_arrow_keys
   fun:_rl_init_terminal_io
   fun:rl_initialize
   fun:readline
   fun:main
}
{
   <insert_a_suppression_name_here>
   Memcheck:Leak
   match-leak-kinds: reachable
   fun:malloc
   fun:xmalloc
   fun:rl_make_bare_keymap
   fun:rl_generic_bind
   fun:rl_bind_keyseq_if_unbound_in_map
   fun:bind_termcap_arrow_keys
   fun:_rl_init_terminal_io
   fun:rl_initialize
   fun:readline
   fun:main
}
{
   <insert_a_suppression_name_here>
   Memcheck:Leak
   match-leak-kinds: reachable
   fun:malloc
   fun:xmalloc
   fun:rl_make_bare_keymap
   fun:rl_generic_bind
   fun:rl_bind_keyseq_if_unbound_in_map
   fun:bind_termcap_arrow_keys
   fun:_rl_init_terminal_io
   fun:rl_initialize
   fun:readline
   fun:main
}
{
   <insert_a_suppression_name_here>
   Memcheck:Leak
   match-leak-kinds: reachable
   fun:malloc
   fun:xmalloc
   fun:rl_make_bare_keymap
   fun:rl_generic_bind
   fun:rl_bind_keyseq_if_unbound_in_map
   fun:bind_termcap_arrow_keys
   fun:_rl_init_terminal_io
   fun:rl_initialize
   fun:readline
   fun:main
}
{
   <insert_a_suppression_name_here>
   Memcheck:Leak
   match-leak-kinds: reachable
   fun:malloc
   fun:xmalloc
   fun:rl_make_bare_keymap
   fun:rl_generic_bind
   fun:rl_bind_keyseq_if_unbound_in_map
   fun:bind_arrow_keys_internal
   fun:rl_initialize
   fun:readline
   fun:main
}
{
   <insert_a_suppression_name_here>
   Memcheck:Leak
   match-leak-kinds: reachable
   fun:malloc
   fun:xmalloc
   fun:rl_make_bare_keymap
   fun:rl_generic_bind
   fun:rl_bind_keyseq_if_unbound_in_map
   fun:bind_arrow_keys_internal
   fun:rl_initialize
   fun:readline
   fun:main
}
{
   <insert_a_suppression_name_here>
   Memcheck:Leak
   match-leak-kinds: reachable
   fun:malloc
   fun:xmalloc
   fun:rl_make_bare_keymap
   fun:rl_generic_bind
   fun:rl_bind_keyseq_if_unbound_in_map
   fun:bind_arrow_keys_internal
   fun:rl_initialize
   fun:readline
   fun:main
}
{
   <insert_a_suppression_name_here>
   Memcheck:Leak
   match-leak-kinds: reachable
   fun:malloc
   fun:xmalloc
   fun:rl_make_bare_keymap
   fun:rl_generic_bind
   fun:rl_bind_keyseq_if_unbound_in_map
   fun:rl_initialize
   fun:readline
   fun:main
}
{
   <insert_a_suppression_name_here>
   Memcheck:Leak
   match-leak-kinds: reachable
   fun:malloc
   fun:xmalloc
   fun:rl_make_bare_keymap
   fun:rl_generic_bind
   fun:rl_bind_keyseq_if_unbound_in_map
   fun:rl_initialize
   fun:readline
   fun:main
}
{
   <insert_a_suppression_name_here>
   Memcheck:Leak
   match-leak-kinds: reachable
   fun:malloc
   fun:xmalloc
   fun:rl_make_bare_keymap
   fun:rl_generic_bind
   fun:rl_bind_keyseq_if_unbound_in_map
   fun:bind_arrow_keys_internal
   fun:rl_initialize
   fun:readline
   fun:main
}
{
   <insert_a_suppression_name_here>
   Memcheck:Leak
   match-leak-kinds: reachable
   fun:malloc
   fun:xmalloc
   fun:rl_make_bare_keymap
   fun:rl_generic_bind
   fun:rl_bind_keyseq_if_unbound_in_map
   fun:bind_arrow_keys_internal
   fun:rl_initialize
   fun:readline
   fun:main
}
{
   <insert_a_suppression_name_here>
   Memcheck:Leak
   match-leak-kinds: reachable
   fun:malloc
   fun:xmalloc
   fun:rl_make_bare_keymap
   fun:rl_generic_bind
   fun:rl_bind_keyseq_if_unbound_in_map
   fun:bind_arrow_keys_internal
   fun:rl_initialize
   fun:readline
   fun:main
}
{
   <insert_a_suppression_name_here>
   Memcheck:Leak
   match-leak-kinds: reachable
   fun:realloc
   fun:reallocf
   fun:_Read_RuneMagi
   fun:__setrunelocale
   fun:__wrap_setrunelocale
   fun:loadlocale
   fun:_rl_init_locale
   fun:_rl_init_eightbit
   fun:rl_initialize
   fun:readline
   fun:main
}
{
   <insert_a_suppression_name_here>
   Memcheck:Param
   execve(envp)
   fun:execve
   fun:check_command
   fun:execution
   fun:main
}
{
   <insert_a_suppression_name_here>
   Memcheck:Param
   execve(envp)
   fun:execve
   fun:check_command
   fun:execution
   fun:main
}
{
   <insert_a_suppression_name_here>
   Memcheck:Param
   execve(envp)
   fun:execve
   fun:check_command
   fun:execution
   fun:main
}
{
   <insert_a_suppression_name_here>
   Memcheck:Param
   execve(envp)
   fun:execve
   fun:check_command
   fun:execution
   fun:main
}
{
   <insert_a_suppression_name_here>
   Memcheck:Cond
   fun:free_matriz
   fun:control_free
   fun:builtin_exit
   fun:who_builtin
   fun:main
}
{
   <insert_a_suppression_name_here>
   Memcheck:Cond
   fun:free
   fun:free_matriz
   fun:control_free
   fun:builtin_exit
   fun:who_builtin
   fun:main
}
{
   <insert_a_suppression_name_here>
   Memcheck:Cond
   fun:builtin_exit
   fun:who_builtin
   fun:main
}
{
   <insert_a_suppression_name_here>
   Memcheck:Leak
   match-leak-kinds: reachable
   fun:malloc
   fun:strdup
   fun:_nc_trim_sgr0
   fun:tgetent
   fun:_rl_init_terminal_io
   fun:rl_initialize
   fun:readline
   fun:main
}
{
   <insert_a_suppression_name_here>
   Memcheck:Leak
   match-leak-kinds: reachable
   fun:realloc
   fun:xrealloc
   fun:expand_prompt
   fun:rl_expand_prompt
   fun:rl_set_prompt
   fun:readline
   fun:main
}
{
   <insert_a_suppression_name_here>
   Memcheck:Leak
   match-leak-kinds: reachable
   fun:malloc
   fun:__setenv_locked
   fun:setenv
   fun:sh_set_lines_and_columns
   fun:_rl_get_screen_size
   fun:expand_prompt
   fun:rl_expand_prompt
   fun:rl_set_prompt
   fun:readline
   fun:main
}
{
   <insert_a_suppression_name_here>
   Memcheck:Leak
   match-leak-kinds: reachable
   fun:malloc
   fun:xmalloc
   fun:_rl_reset_region_color
   fun:_rl_init_terminal_io
   fun:rl_initialize
   fun:readline
   fun:main
}
{
   <insert_a_suppression_name_here>
   Memcheck:Leak
   match-leak-kinds: reachable
   fun:malloc
   fun:xmalloc
   fun:_rl_reset_region_color
   fun:_rl_init_terminal_io
   fun:rl_initialize
   fun:readline
   fun:main
}
{
   <insert_a_suppression_name_here>
   Memcheck:Leak
   match-leak-kinds: reachable
   fun:malloc
   fun:xmalloc
   fun:rl_set_prompt
   fun:readline
   fun:main
}
{
   <insert_a_suppression_name_here>
   Memcheck:Leak
   match-leak-kinds: reachable
   fun:malloc
   fun:__setenv_locked
   fun:setenv
   fun:_rl_get_screen_size
   fun:expand_prompt
   fun:rl_expand_prompt
   fun:rl_set_prompt
   fun:readline
   fun:main
}
{
   <insert_a_suppression_name_here>
   Memcheck:Leak
   match-leak-kinds: reachable
   fun:malloc
   fun:xmalloc
   fun:expand_prompt
   fun:rl_expand_prompt
   fun:rl_set_prompt
   fun:readline
   fun:main
}
{
   <insert_a_suppression_name_here>
   Memcheck:Leak
   match-leak-kinds: reachable
   fun:malloc
   fun:xmalloc
   fun:_rl_init_locale
   fun:_rl_reset_locale
   fun:rl_initialize
   fun:readline
   fun:main
}
{
   <insert_a_suppression_name_here>
   Memcheck:Leak
   match-leak-kinds: reachable
   fun:realloc
   fun:_nc_doalloc
   fun:tparm
   fun:_nc_remove_string
   fun:_nc_trim_sgr0
   fun:tgetent
   fun:_rl_init_terminal_io
   fun:rl_initialize
   fun:readline
   fun:main
}
{
   <insert_a_suppression_name_here>
   Memcheck:Leak
   match-leak-kinds: reachable
   fun:malloc
   fun:strdup
   fun:_nc_setupterm
   fun:tgetent
   fun:_rl_init_terminal_io
   fun:rl_initialize
   fun:readline
   fun:main
}
{
   <insert_a_suppression_name_here>
   Memcheck:Leak
   match-leak-kinds: reachable
   fun:malloc
   fun:rl_initialize
   fun:readline
   fun:main
}

{
   <insert_a_suppression_name_here>
   Memcheck:Leak
   match-leak-kinds: reachable
   fun:malloc
   fun:xmalloc
   fun:alloc_history_entry
   fun:add_history
   fun:check_input
   fun:main
}
{
   <insert_a_suppression_name_here>
   Memcheck:Leak
   match-leak-kinds: reachable
   fun:malloc
   fun:_nc_home_terminfo
   fun:_nc_next_db
   fun:_nc_read_entry
   fun:_nc_setupterm
   fun:tgetent
   fun:_rl_init_terminal_io
   fun:rl_initialize
   fun:readline
   fun:main
}
{
   <insert_a_suppression_name_here>
   Memcheck:Leak
   match-leak-kinds: reachable
   fun:realloc
   fun:_nc_doalloc
   fun:_nc_read_termtype
   fun:_nc_read_file_entry
   fun:_nc_read_entry
   fun:_nc_setupterm
   fun:tgetent
   fun:_rl_init_terminal_io
   fun:rl_initialize
   fun:readline
   fun:main
}
{
   <insert_a_suppression_name_here>
   Memcheck:Leak
   match-leak-kinds: reachable
   fun:malloc
   fun:xmalloc
   fun:add_history
   fun:check_input
   fun:main
}
{
   <insert_a_suppression_name_here>
   Memcheck:Leak
   match-leak-kinds: reachable
   fun:realloc
   fun:_nc_doalloc
   fun:_nc_read_termtype
   fun:_nc_read_file_entry
   fun:_nc_read_entry
   fun:_nc_setupterm
   fun:tgetent
   fun:_rl_init_terminal_io
   fun:rl_initialize
   fun:readline
   fun:main
}
{
   <insert_a_suppression_name_here>
   Memcheck:Leak
   match-leak-kinds: reachable
   fun:malloc
   fun:_nc_tparm_analyze
   fun:tparm
   fun:_nc_remove_string
   fun:_nc_trim_sgr0
   fun:tgetent
   fun:_rl_init_terminal_io
   fun:rl_initialize
   fun:readline
   fun:main
}
{
   <insert_a_suppression_name_here>
   Memcheck:Leak
   match-leak-kinds: reachable
   fun:malloc
   fun:xmalloc
   fun:alloc_history_entry
   fun:add_history
   fun:check_input
   fun:main
}
{
   <insert_a_suppression_name_here>
   Memcheck:Leak
   match-leak-kinds: reachable
   fun:calloc
   fun:_nc_setupterm
   fun:tgetent
   fun:_rl_init_terminal_io
   fun:rl_initialize
   fun:readline
   fun:main
}
{
   <insert_a_suppression_name_here>
   Memcheck:Leak
   match-leak-kinds: reachable
   fun:realloc
   fun:__setenv_locked
   fun:setenv
   fun:_rl_get_screen_size
   fun:expand_prompt
   fun:rl_expand_prompt
   fun:rl_set_prompt
   fun:readline
   fun:main
}
{
   <insert_a_suppression_name_here>
   Memcheck:Leak
   match-leak-kinds: reachable
   fun:malloc
   fun:xmalloc
   fun:rl_initialize
   fun:readline
   fun:main
}
{
   <insert_a_suppression_name_here>
   Memcheck:Leak
   match-leak-kinds: reachable
   fun:calloc
   fun:_nc_read_termtype
   fun:_nc_read_file_entry
   fun:_nc_read_entry
   fun:_nc_setupterm
   fun:tgetent
   fun:_rl_init_terminal_io
   fun:rl_initialize
   fun:readline
   fun:main
}
{
   <insert_a_suppression_name_here>
   Memcheck:Leak
   match-leak-kinds: reachable
   fun:malloc
   fun:_nc_read_termtype
   fun:_nc_read_file_entry
   fun:_nc_read_entry
   fun:_nc_setupterm
   fun:tgetent
   fun:_rl_init_terminal_io
   fun:rl_initialize
   fun:readline
   fun:main
}
{
   <insert_a_suppression_name_here>
   Memcheck:Leak
   match-leak-kinds: reachable
   fun:malloc
   fun:xrealloc
   fun:realloc_line
   fun:init_line_structures
   fun:rl_redisplay
   fun:readline_internal_setup
   fun:readline
   fun:main
}
{
   <insert_a_suppression_name_here>
   Memcheck:Leak
   match-leak-kinds: reachable
   fun:malloc
   fun:xrealloc
   fun:realloc_line
   fun:init_line_structures
   fun:rl_redisplay
   fun:readline_internal_setup
   fun:readline
   fun:main
}
{
   <insert_a_suppression_name_here>
   Memcheck:Leak
   match-leak-kinds: reachable
   fun:malloc
   fun:xrealloc
   fun:realloc_line
   fun:init_line_structures
   fun:rl_redisplay
   fun:readline_internal_setup
   fun:readline
   fun:main
}
{
   <insert_a_suppression_name_here>
   Memcheck:Leak
   match-leak-kinds: reachable
   fun:malloc
   fun:xrealloc
   fun:realloc_line
   fun:init_line_structures
   fun:rl_redisplay
   fun:readline_internal_setup
   fun:readline
   fun:main
}
{
   <insert_a_suppression_name_here>
   Memcheck:Leak
   match-leak-kinds: reachable
   fun:malloc
   fun:xmalloc
   fun:init_line_structures
   fun:rl_redisplay
   fun:readline_internal_setup
   fun:readline
   fun:main
}
{
   <insert_a_suppression_name_here>
   Memcheck:Leak
   match-leak-kinds: reachable
   fun:malloc
   fun:xmalloc
   fun:init_line_structures
   fun:rl_redisplay
   fun:readline_internal_setup
   fun:readline
   fun:main
}
{
   <insert_a_suppression_name_here>
   Memcheck:Leak
   match-leak-kinds: reachable
   fun:malloc
   fun:xmalloc
   fun:init_line_structures
   fun:rl_redisplay
   fun:readline_internal_setup
   fun:readline
   fun:main
}
{
   <insert_a_suppression_name_here>
   Memcheck:Leak
   match-leak-kinds: reachable
   fun:malloc
   fun:xmalloc
   fun:init_line_structures
   fun:rl_redisplay
   fun:readline_internal_setup
   fun:readline
   fun:main
}
{
   <insert_a_suppression_name_here>
   Memcheck:Leak
   match-leak-kinds: reachable
   fun:malloc
   fun:_nc_read_termtype
   fun:_nc_read_file_entry
   fun:_nc_read_entry
   fun:_nc_setupterm
   fun:tgetent
   fun:_rl_init_terminal_io
   fun:rl_initialize
   fun:readline
   fun:main
}
{
   <insert_a_suppression_name_here>
   Memcheck:Leak
   match-leak-kinds: reachable
   fun:realloc
   fun:xrealloc
   fun:rl_add_funmap_entry
   fun:rl_initialize_funmap
   fun:rl_initialize
   fun:readline
   fun:main
}
{
   <insert_a_suppression_name_here>
   Memcheck:Leak
   match-leak-kinds: reachable
   fun:malloc
   fun:xmalloc
   fun:_rl_init_terminal_io
   fun:rl_initialize
   fun:readline
   fun:main
}
{
   <insert_a_suppression_name_here>
   Memcheck:Leak
   match-leak-kinds: reachable
   fun:malloc
   fun:xmalloc
   fun:rl_add_funmap_entry
   fun:rl_initialize_funmap
   fun:rl_initialize
   fun:readline
   fun:main
}
{
   <insert_a_suppression_name_here>
   Memcheck:Leak
   match-leak-kinds: reachable
   fun:realloc
   fun:_nc_doalloc
   fun:_nc_read_termtype
   fun:_nc_read_file_entry
   fun:_nc_read_entry
   fun:_nc_setupterm
   fun:tgetent
   fun:_rl_init_terminal_io
   fun:rl_initialize
   fun:readline
   fun:main
}
{
   <insert_a_suppression_name_here>
   Memcheck:Leak
   match-leak-kinds: reachable
   fun:malloc
   fun:xmalloc
   fun:add_history
   fun:check_input
   fun:main
}
{
   <insert_a_suppression_name_here>
   Memcheck:Leak
   match-leak-kinds: reachable
   fun:malloc
   fun:xmalloc
   fun:_rl_init_terminal_io
   fun:rl_initialize
   fun:readline
   fun:main
}
{
   <insert_a_suppression_name_here>
   Memcheck:Leak
   match-leak-kinds: reachable
   fun:malloc
   fun:__smakebuf
   fun:__swsetup
   fun:__sfvwrite
   fun:fwrite
   fun:rl_prep_terminal
   fun:readline
   fun:main
}
{
   <insert_a_suppression_name_here>
   Memcheck:Leak
   match-leak-kinds: reachable
   fun:malloc
   fun:xmalloc
   fun:rl_make_bare_keymap
   fun:rl_generic_bind
   fun:rl_bind_keyseq_if_unbound_in_map
   fun:bind_termcap_arrow_keys
   fun:_rl_init_terminal_io
   fun:rl_initialize
   fun:readline
   fun:main
}
{
   <insert_a_suppression_name_here>
   Memcheck:Leak
   match-leak-kinds: reachable
   fun:malloc
   fun:xmalloc
   fun:rl_make_bare_keymap
   fun:rl_generic_bind
   fun:rl_bind_keyseq_if_unbound_in_map
   fun:bind_termcap_arrow_keys
   fun:_rl_init_terminal_io
   fun:rl_initialize
   fun:readline
   fun:main
}
{
   <insert_a_suppression_name_here>
   Memcheck:Leak
   match-leak-kinds: reachable
   fun:malloc
   fun:xmalloc
   fun:rl_make_bare_keymap
   fun:rl_generic_bind
   fun:rl_bind_keyseq_if_unbound_in_map
   fun:bind_termcap_arrow_keys
   fun:_rl_init_terminal_io
   fun:rl_initialize
   fun:readline
   fun:main
}
{
   <insert_a_suppression_name_here>
   Memcheck:Leak
   match-leak-kinds: reachable
   fun:malloc
   fun:xmalloc
   fun:rl_make_bare_keymap
   fun:rl_generic_bind
   fun:rl_bind_keyseq_if_unbound_in_map
   fun:bind_termcap_arrow_keys
   fun:_rl_init_terminal_io
   fun:rl_initialize
   fun:readline
   fun:main
}
{
   <insert_a_suppression_name_here>
   Memcheck:Leak
   match-leak-kinds: reachable
   fun:malloc
   fun:xmalloc
   fun:rl_make_bare_keymap
   fun:rl_generic_bind
   fun:rl_bind_keyseq_if_unbound_in_map
   fun:bind_termcap_arrow_keys
   fun:_rl_init_terminal_io
   fun:rl_initialize
   fun:readline
   fun:main
}
{
   <insert_a_suppression_name_here>
   Memcheck:Leak
   match-leak-kinds: reachable
   fun:malloc
   fun:xmalloc
   fun:rl_make_bare_keymap
   fun:rl_generic_bind
   fun:rl_bind_keyseq_if_unbound_in_map
   fun:bind_termcap_arrow_keys
   fun:_rl_init_terminal_io
   fun:rl_initialize
   fun:readline
   fun:main
}
{
   <insert_a_suppression_name_here>
   Memcheck:Leak
   match-leak-kinds: reachable
   fun:malloc
   fun:xmalloc
   fun:rl_make_bare_keymap
   fun:rl_generic_bind
   fun:rl_bind_keyseq_if_unbound_in_map
   fun:bind_termcap_arrow_keys
   fun:_rl_init_terminal_io
   fun:rl_initialize
   fun:readline
   fun:main
}
{
   <insert_a_suppression_name_here>
   Memcheck:Leak
   match-leak-kinds: reachable
   fun:malloc
   fun:xmalloc
   fun:rl_make_bare_keymap
   fun:rl_generic_bind
   fun:rl_bind_keyseq_if_unbound_in_map
   fun:bind_termcap_arrow_keys
   fun:_rl_init_terminal_io
   fun:rl_initialize
   fun:readline
   fun:main
}
{
   <insert_a_suppression_name_here>
   Memcheck:Leak
   match-leak-kinds: reachable
   fun:malloc
   fun:xmalloc
   fun:rl_make_bare_keymap
   fun:rl_generic_bind
   fun:rl_bind_keyseq_if_unbound_in_map
   fun:bind_termcap_arrow_keys
   fun:_rl_init_terminal_io
   fun:rl_initialize
   fun:readline
   fun:main
}
{
   <insert_a_suppression_name_here>
   Memcheck:Leak
   match-leak-kinds: reachable
   fun:malloc
   fun:xmalloc
   fun:rl_make_bare_keymap
   fun:rl_generic_bind
   fun:rl_bind_keyseq_if_unbound_in_map
   fun:bind_termcap_arrow_keys
   fun:_rl_init_terminal_io
   fun:rl_initialize
   fun:readline
   fun:main
}
{
   <insert_a_suppression_name_here>
   Memcheck:Leak
   match-leak-kinds: reachable
   fun:malloc
   fun:xmalloc
   fun:rl_make_bare_keymap
   fun:rl_generic_bind
   fun:rl_bind_keyseq_if_unbound_in_map
   fun:bind_arrow_keys_internal
   fun:rl_initialize
   fun:readline
   fun:main
}
{
   <insert_a_suppression_name_here>
   Memcheck:Leak
   match-leak-kinds: reachable
   fun:malloc
   fun:xmalloc
   fun:rl_make_bare_keymap
   fun:rl_generic_bind
   fun:rl_bind_keyseq_if_unbound_in_map
   fun:bind_arrow_keys_internal
   fun:rl_initialize
   fun:readline
   fun:main
}
{
   <insert_a_suppression_name_here>
   Memcheck:Leak
   match-leak-kinds: reachable
   fun:malloc
   fun:xmalloc
   fun:rl_make_bare_keymap
   fun:rl_generic_bind
   fun:rl_bind_keyseq_if_unbound_in_map
   fun:bind_arrow_keys_internal
   fun:rl_initialize
   fun:readline
   fun:main
}
{
   <insert_a_suppression_name_here>
   Memcheck:Leak
   match-leak-kinds: reachable
   fun:malloc
   fun:xmalloc
   fun:rl_make_bare_keymap
   fun:rl_generic_bind
   fun:rl_bind_keyseq_if_unbound_in_map
   fun:bind_termcap_arrow_keys
   fun:_rl_init_terminal_io
   fun:rl_initialize
   fun:readline
   fun:main
}
{
   <insert_a_suppression_name_here>
   Memcheck:Leak
   match-leak-kinds: reachable
   fun:malloc
   fun:xmalloc
   fun:rl_make_bare_keymap
   fun:rl_generic_bind
   fun:rl_bind_keyseq_if_unbound_in_map
   fun:bind_termcap_arrow_keys
   fun:_rl_init_terminal_io
   fun:rl_initialize
   fun:readline
   fun:main
}
{
   <insert_a_suppression_name_here>
   Memcheck:Leak
   match-leak-kinds: reachable
   fun:malloc
   fun:xmalloc
   fun:rl_make_bare_keymap
   fun:rl_generic_bind
   fun:rl_bind_keyseq_if_unbound_in_map
   fun:bind_termcap_arrow_keys
   fun:_rl_init_terminal_io
   fun:rl_initialize
   fun:readline
   fun:main
}
{
   <insert_a_suppression_name_here>
   Memcheck:Leak
   match-leak-kinds: reachable
   fun:malloc
   fun:xmalloc
   fun:rl_make_bare_keymap
   fun:rl_generic_bind
   fun:rl_bind_keyseq_if_unbound_in_map
   fun:bind_termcap_arrow_keys
   fun:_rl_init_terminal_io
   fun:rl_initialize
   fun:readline
   fun:main
}
{
   <insert_a_suppression_name_here>
   Memcheck:Leak
   match-leak-kinds: reachable
   fun:malloc
   fun:xmalloc
   fun:rl_make_bare_keymap
   fun:rl_generic_bind
   fun:rl_bind_keyseq_if_unbound_in_map
   fun:bind_termcap_arrow_keys
   fun:_rl_init_terminal_io
   fun:rl_initialize
   fun:readline
   fun:main
}
{
   <insert_a_suppression_name_here>
   Memcheck:Leak
   match-leak-kinds: reachable
   fun:malloc
   fun:xmalloc
   fun:rl_make_bare_keymap
   fun:rl_generic_bind
   fun:rl_bind_keyseq_if_unbound_in_map
   fun:bind_arrow_keys_internal
   fun:rl_initialize
   fun:readline
   fun:main
}
{
   <insert_a_suppression_name_here>
   Memcheck:Leak
   match-leak-kinds: reachable
   fun:malloc
   fun:xmalloc
   fun:rl_make_bare_keymap
   fun:rl_generic_bind
   fun:rl_bind_keyseq_if_unbound_in_map
   fun:bind_arrow_keys_internal
   fun:rl_initialize
   fun:readline
   fun:main
}
{
   <insert_a_suppression_name_here>
   Memcheck:Leak
   match-leak-kinds: reachable
   fun:malloc
   fun:xmalloc
   fun:rl_make_bare_keymap
   fun:rl_generic_bind
   fun:rl_bind_keyseq_if_unbound_in_map
   fun:bind_arrow_keys_internal
   fun:rl_initialize
   fun:readline
   fun:main
}
{
   <insert_a_suppression_name_here>
   Memcheck:Leak
   match-leak-kinds: reachable
   fun:malloc
   fun:xmalloc
   fun:rl_make_bare_keymap
   fun:rl_generic_bind
   fun:rl_bind_keyseq_if_unbound_in_map
   fun:rl_initialize
   fun:readline
   fun:main
}
{
   <insert_a_suppression_name_here>
   Memcheck:Leak
   match-leak-kinds: reachable
   fun:malloc
   fun:xmalloc
   fun:rl_make_bare_keymap
   fun:rl_generic_bind
   fun:rl_bind_keyseq_if_unbound_in_map
   fun:rl_initialize
   fun:readline
   fun:main
}
{
   <insert_a_suppression_name_here>
   Memcheck:Leak
   match-leak-kinds: reachable
   fun:malloc
   fun:xmalloc
   fun:rl_make_bare_keymap
   fun:rl_generic_bind
   fun:rl_bind_keyseq_if_unbound_in_map
   fun:bind_arrow_keys_internal
   fun:rl_initialize
   fun:readline
   fun:main
}
{
   <insert_a_suppression_name_here>
   Memcheck:Leak
   match-leak-kinds: reachable
   fun:malloc
   fun:xmalloc
   fun:rl_make_bare_keymap
   fun:rl_generic_bind
   fun:rl_bind_keyseq_if_unbound_in_map
   fun:bind_arrow_keys_internal
   fun:rl_initialize
   fun:readline
   fun:main
}
{
   <insert_a_suppression_name_here>
   Memcheck:Leak
   match-leak-kinds: reachable
   fun:malloc
   fun:xmalloc
   fun:rl_make_bare_keymap
   fun:rl_generic_bind
   fun:rl_bind_keyseq_if_unbound_in_map
   fun:bind_arrow_keys_internal
   fun:rl_initialize
   fun:readline
   fun:main
}
{
   <insert_a_suppression_name_here>
   Memcheck:Leak
   match-leak-kinds: reachable
   fun:realloc
   fun:reallocf
   fun:_Read_RuneMagi
   fun:__setrunelocale
   fun:__wrap_setrunelocale
   fun:loadlocale
   fun:_rl_init_locale
   fun:_rl_init_eightbit
   fun:rl_initialize
   fun:readline
   fun:main
}
